[debug] [2025-07-23T04:26:30.073Z] ----------------------------------------------------------------------
[debug] [2025-07-23T04:26:30.075Z] Command:       /usr/local/bin/node /Users/homesul/.npm-global/bin/firebase init
[debug] [2025-07-23T04:26:30.075Z] CLI Version:   14.11.1
[debug] [2025-07-23T04:26:30.075Z] Platform:      darwin
[debug] [2025-07-23T04:26:30.075Z] Node Version:  v22.17.0
[debug] [2025-07-23T04:26:30.075Z] Time:          Wed Jul 23 2025 13:26:30 GMT+0900 (대한민국 표준시)
[debug] [2025-07-23T04:26:30.075Z] ----------------------------------------------------------------------
[debug] 
[debug] [2025-07-23T04:26:30.078Z] > command requires scopes: ["email","openid","https://www.googleapis.com/auth/cloudplatformprojects.readonly","https://www.googleapis.com/auth/firebase","https://www.googleapis.com/auth/cloud-platform"]
[debug] [2025-07-23T04:26:30.078Z] > authorizing via signed-in user (ljc930328@gmail.com)
[info] 
     ######## #### ########  ######## ########     ###     ######  ########
     ##        ##  ##     ## ##       ##     ##  ##   ##  ##       ##
     ######    ##  ########  ######   ########  #########  ######  ######
     ##        ##  ##    ##  ##       ##     ## ##     ##       ## ##
     ##       #### ##     ## ######## ########  ##     ##  ######  ########

You're about to initialize a Firebase project in this directory:

  /Users/homesul/Desktop/KEBA/kebaweb

[debug] [2025-07-23T04:33:42.435Z] Error: read EIO
    at TTY.onStreamRead (node:internal/stream_base_commons:216:20)
    at TTY.callbackTrampoline (node:internal/async_hooks:130:17)
